[0.009s] Invoking command in '/home/stu/ros2-practice-ws/my_cpp_pkg/build/my_cpp_pkg': CMAKE_PREFIX_PATH=${CMAKE_PREFIX_PATH}:/home/stu/ros2-practice-ws/install/my_py_pkg:/opt/ros/foxy /usr/bin/cmake /home/stu/ros2-practice-ws/my_cpp_pkg -DCMAKE_INSTALL_PREFIX=/home/stu/ros2-practice-ws/my_cpp_pkg/install/my_cpp_pkg
[0.099s] -- The C compiler identification is GNU 9.4.0
[0.171s] -- The CXX compiler identification is GNU 9.4.0
[0.180s] -- Check for working C compiler: /usr/bin/cc
[0.236s] -- Check for working C compiler: /usr/bin/cc -- works
[0.239s] -- Detecting C compiler ABI info
[0.289s] -- Detecting C compiler ABI info - done
[0.297s] -- Detecting C compile features
[0.298s] -- Detecting C compile features - done
[0.303s] -- Check for working CXX compiler: /usr/bin/c++
[0.359s] -- Check for working CXX compiler: /usr/bin/c++ -- works
[0.360s] -- Detecting CXX compiler ABI info
[0.418s] -- Detecting CXX compiler ABI info - done
[0.425s] -- Detecting CXX compile features
[0.426s] -- Detecting CXX compile features - done
[0.432s] -- Found ament_cmake: 0.9.9 (/opt/ros/foxy/share/ament_cmake/cmake)
[0.457s] -- Found PythonInterp: /usr/bin/python3 (found suitable version "3.8.10", minimum required is "3") 
[0.457s] -- Using PYTHON_EXECUTABLE: /usr/bin/python3
[0.613s] -- Found rclcpp: 2.4.1 (/opt/ros/foxy/share/rclcpp/cmake)
[0.669s] -- Using all available rosidl_typesupport_c: rosidl_typesupport_fastrtps_c;rosidl_typesupport_introspection_c
[0.677s] -- Found rosidl_adapter: 1.2.1 (/opt/ros/foxy/share/rosidl_adapter/cmake)
[0.747s] -- Found OpenSSL: /usr/lib/x86_64-linux-gnu/libcrypto.so (found version "1.1.1f")  
[0.772s] -- Found FastRTPS: /opt/ros/foxy/include  
[0.855s] -- Using all available rosidl_typesupport_cpp: rosidl_typesupport_fastrtps_cpp;rosidl_typesupport_introspection_cpp
[0.921s] -- Found rmw_implementation_cmake: 1.0.3 (/opt/ros/foxy/share/rmw_implementation_cmake/cmake)
[0.924s] -- Using RMW implementation 'rmw_fastrtps_cpp' as default
[0.926s] -- Looking for pthread.h
[0.981s] -- Looking for pthread.h - found
[0.981s] -- Performing Test CMAKE_HAVE_LIBC_PTHREAD
[1.038s] -- Performing Test CMAKE_HAVE_LIBC_PTHREAD - Failed
[1.038s] -- Looking for pthread_create in pthreads
[1.087s] -- Looking for pthread_create in pthreads - not found
[1.087s] -- Looking for pthread_create in pthread
[1.139s] -- Looking for pthread_create in pthread - found
[1.139s] -- Found Threads: TRUE  
[1.288s] -- Found example_interfaces: 0.9.1 (/opt/ros/foxy/share/example_interfaces/cmake)
[1.429s] -- Configuring done
[1.439s] -- Generating done
[1.439s] -- Build files have been written to: /home/stu/ros2-practice-ws/my_cpp_pkg/build/my_cpp_pkg
[1.448s] Invoked command in '/home/stu/ros2-practice-ws/my_cpp_pkg/build/my_cpp_pkg' returned '0': CMAKE_PREFIX_PATH=${CMAKE_PREFIX_PATH}:/home/stu/ros2-practice-ws/install/my_py_pkg:/opt/ros/foxy /usr/bin/cmake /home/stu/ros2-practice-ws/my_cpp_pkg -DCMAKE_INSTALL_PREFIX=/home/stu/ros2-practice-ws/my_cpp_pkg/install/my_cpp_pkg
[1.448s] Invoking command in '/home/stu/ros2-practice-ws/my_cpp_pkg/build/my_cpp_pkg': CMAKE_PREFIX_PATH=${CMAKE_PREFIX_PATH}:/home/stu/ros2-practice-ws/install/my_py_pkg:/opt/ros/foxy /usr/bin/cmake --build /home/stu/ros2-practice-ws/my_cpp_pkg/build/my_cpp_pkg -- -j4 -l4
[1.479s] [35m[1mScanning dependencies of target robot_news_station[0m
[1.479s] [35m[1mScanning dependencies of target cpp_node[0m
[1.507s] [ 25%] [32mBuilding CXX object CMakeFiles/cpp_node.dir/src/my_first_node.cpp.o[0m
[1.510s] [ 50%] [32mBuilding CXX object CMakeFiles/robot_news_station.dir/src/robot_news_station.cpp.o[0m
[4.649s] [ 75%] [32m[1mLinking CXX executable cpp_node[0m
[4.810s] [ 75%] Built target cpp_node
[5.457s] [100%] [32m[1mLinking CXX executable robot_news_station[0m
[5.591s] [100%] Built target robot_news_station
[5.601s] Invoked command in '/home/stu/ros2-practice-ws/my_cpp_pkg/build/my_cpp_pkg' returned '0': CMAKE_PREFIX_PATH=${CMAKE_PREFIX_PATH}:/home/stu/ros2-practice-ws/install/my_py_pkg:/opt/ros/foxy /usr/bin/cmake --build /home/stu/ros2-practice-ws/my_cpp_pkg/build/my_cpp_pkg -- -j4 -l4
[5.632s] Invoking command in '/home/stu/ros2-practice-ws/my_cpp_pkg/build/my_cpp_pkg': CMAKE_PREFIX_PATH=${CMAKE_PREFIX_PATH}:/home/stu/ros2-practice-ws/install/my_py_pkg:/opt/ros/foxy /usr/bin/cmake --install /home/stu/ros2-practice-ws/my_cpp_pkg/build/my_cpp_pkg
[5.638s] -- Install configuration: ""
[5.638s] -- Installing: /home/stu/ros2-practice-ws/my_cpp_pkg/install/my_cpp_pkg/lib/my_cpp_pkg/cpp_node
[5.638s] -- Set runtime path of "/home/stu/ros2-practice-ws/my_cpp_pkg/install/my_cpp_pkg/lib/my_cpp_pkg/cpp_node" to ""
[5.638s] -- Installing: /home/stu/ros2-practice-ws/my_cpp_pkg/install/my_cpp_pkg/lib/my_cpp_pkg/robot_news_station
[5.639s] -- Set runtime path of "/home/stu/ros2-practice-ws/my_cpp_pkg/install/my_cpp_pkg/lib/my_cpp_pkg/robot_news_station" to ""
[5.639s] -- Installing: /home/stu/ros2-practice-ws/my_cpp_pkg/install/my_cpp_pkg/share/ament_index/resource_index/package_run_dependencies/my_cpp_pkg
[5.639s] -- Installing: /home/stu/ros2-practice-ws/my_cpp_pkg/install/my_cpp_pkg/share/ament_index/resource_index/parent_prefix_path/my_cpp_pkg
[5.639s] -- Installing: /home/stu/ros2-practice-ws/my_cpp_pkg/install/my_cpp_pkg/share/my_cpp_pkg/environment/ament_prefix_path.sh
[5.639s] -- Installing: /home/stu/ros2-practice-ws/my_cpp_pkg/install/my_cpp_pkg/share/my_cpp_pkg/environment/ament_prefix_path.dsv
[5.640s] -- Installing: /home/stu/ros2-practice-ws/my_cpp_pkg/install/my_cpp_pkg/share/my_cpp_pkg/environment/path.sh
[5.640s] -- Installing: /home/stu/ros2-practice-ws/my_cpp_pkg/install/my_cpp_pkg/share/my_cpp_pkg/environment/path.dsv
[5.640s] -- Installing: /home/stu/ros2-practice-ws/my_cpp_pkg/install/my_cpp_pkg/share/my_cpp_pkg/local_setup.bash
[5.640s] -- Installing: /home/stu/ros2-practice-ws/my_cpp_pkg/install/my_cpp_pkg/share/my_cpp_pkg/local_setup.sh
[5.640s] -- Installing: /home/stu/ros2-practice-ws/my_cpp_pkg/install/my_cpp_pkg/share/my_cpp_pkg/local_setup.zsh
[5.640s] -- Installing: /home/stu/ros2-practice-ws/my_cpp_pkg/install/my_cpp_pkg/share/my_cpp_pkg/local_setup.dsv
[5.640s] -- Installing: /home/stu/ros2-practice-ws/my_cpp_pkg/install/my_cpp_pkg/share/my_cpp_pkg/package.dsv
[5.640s] -- Installing: /home/stu/ros2-practice-ws/my_cpp_pkg/install/my_cpp_pkg/share/ament_index/resource_index/packages/my_cpp_pkg
[5.640s] -- Installing: /home/stu/ros2-practice-ws/my_cpp_pkg/install/my_cpp_pkg/share/my_cpp_pkg/cmake/my_cpp_pkgConfig.cmake
[5.640s] -- Installing: /home/stu/ros2-practice-ws/my_cpp_pkg/install/my_cpp_pkg/share/my_cpp_pkg/cmake/my_cpp_pkgConfig-version.cmake
[5.640s] -- Installing: /home/stu/ros2-practice-ws/my_cpp_pkg/install/my_cpp_pkg/share/my_cpp_pkg/package.xml
[5.642s] Invoked command in '/home/stu/ros2-practice-ws/my_cpp_pkg/build/my_cpp_pkg' returned '0': CMAKE_PREFIX_PATH=${CMAKE_PREFIX_PATH}:/home/stu/ros2-practice-ws/install/my_py_pkg:/opt/ros/foxy /usr/bin/cmake --install /home/stu/ros2-practice-ws/my_cpp_pkg/build/my_cpp_pkg
