[0.010s] Invoking command in '/home/stu/ros2-practice-ws/src/build/my_cpp_pkg': CMAKE_PREFIX_PATH=${CMAKE_PREFIX_PATH}:/home/stu/ros2-practice-ws/install/my_py_pkg:/opt/ros/foxy /usr/bin/cmake /home/stu/ros2-practice-ws/src/my_cpp_pkg -DCMAKE_INSTALL_PREFIX=/home/stu/ros2-practice-ws/src/install/my_cpp_pkg
[0.104s] -- The C compiler identification is GNU 9.4.0
[0.203s] -- The CXX compiler identification is GNU 9.4.0
[0.213s] -- Check for working C compiler: /usr/bin/cc
[0.268s] -- Check for working C compiler: /usr/bin/cc -- works
[0.270s] -- Detecting C compiler ABI info
[0.327s] -- Detecting C compiler ABI info - done
[0.335s] -- Detecting C compile features
[0.335s] -- Detecting C compile features - done
[0.340s] -- Check for working CXX compiler: /usr/bin/c++
[0.399s] -- Check for working CXX compiler: /usr/bin/c++ -- works
[0.400s] -- Detecting CXX compiler ABI info
[0.468s] -- Detecting CXX compiler ABI info - done
[0.486s] -- Detecting CXX compile features
[0.486s] -- Detecting CXX compile features - done
[0.488s] -- Found ament_cmake: 0.9.9 (/opt/ros/foxy/share/ament_cmake/cmake)
[0.531s] -- Found PythonInterp: /usr/bin/python3 (found suitable version "3.8.10", minimum required is "3") 
[0.531s] -- Using PYTHON_EXECUTABLE: /usr/bin/python3
[0.697s] -- Found rclcpp: 2.4.1 (/opt/ros/foxy/share/rclcpp/cmake)
[0.760s] -- Using all available rosidl_typesupport_c: rosidl_typesupport_fastrtps_c;rosidl_typesupport_introspection_c
[0.769s] -- Found rosidl_adapter: 1.2.1 (/opt/ros/foxy/share/rosidl_adapter/cmake)
[0.845s] -- Found OpenSSL: /usr/lib/x86_64-linux-gnu/libcrypto.so (found version "1.1.1f")  
[0.869s] -- Found FastRTPS: /opt/ros/foxy/include  
[0.952s] -- Using all available rosidl_typesupport_cpp: rosidl_typesupport_fastrtps_cpp;rosidl_typesupport_introspection_cpp
[1.018s] -- Found rmw_implementation_cmake: 1.0.3 (/opt/ros/foxy/share/rmw_implementation_cmake/cmake)
[1.021s] -- Using RMW implementation 'rmw_fastrtps_cpp' as default
[1.023s] -- Looking for pthread.h
[1.079s] -- Looking for pthread.h - found
[1.079s] -- Performing Test CMAKE_HAVE_LIBC_PTHREAD
[1.133s] -- Performing Test CMAKE_HAVE_LIBC_PTHREAD - Failed
[1.134s] -- Looking for pthread_create in pthreads
[1.182s] -- Looking for pthread_create in pthreads - not found
[1.182s] -- Looking for pthread_create in pthread
[1.243s] -- Looking for pthread_create in pthread - found
[1.244s] -- Found Threads: TRUE  
[1.391s] -- Found example_interfaces: 0.9.1 (/opt/ros/foxy/share/example_interfaces/cmake)
[1.542s] -- Configuring done
[1.562s] -- Generating done
[1.563s] -- Build files have been written to: /home/stu/ros2-practice-ws/src/build/my_cpp_pkg
[1.570s] Invoked command in '/home/stu/ros2-practice-ws/src/build/my_cpp_pkg' returned '0': CMAKE_PREFIX_PATH=${CMAKE_PREFIX_PATH}:/home/stu/ros2-practice-ws/install/my_py_pkg:/opt/ros/foxy /usr/bin/cmake /home/stu/ros2-practice-ws/src/my_cpp_pkg -DCMAKE_INSTALL_PREFIX=/home/stu/ros2-practice-ws/src/install/my_cpp_pkg
[1.570s] Invoking command in '/home/stu/ros2-practice-ws/src/build/my_cpp_pkg': CMAKE_PREFIX_PATH=${CMAKE_PREFIX_PATH}:/home/stu/ros2-practice-ws/install/my_py_pkg:/opt/ros/foxy /usr/bin/cmake --build /home/stu/ros2-practice-ws/src/build/my_cpp_pkg -- -j4 -l4
[1.599s] [35m[1mScanning dependencies of target smartphone[0m
[1.599s] [35m[1mScanning dependencies of target robot_news_station[0m
[1.600s] [35m[1mScanning dependencies of target cpp_node[0m
[1.600s] [35m[1mScanning dependencies of target number_publisher[0m
[1.634s] [  8%] [32mBuilding CXX object CMakeFiles/number_publisher.dir/src/number_publisher.cpp.o[0m
[1.635s] [ 16%] [32mBuilding CXX object CMakeFiles/robot_news_station.dir/src/robot_news_station.cpp.o[0m
[1.646s] [ 25%] [32mBuilding CXX object CMakeFiles/smartphone.dir/src/smartphone.cpp.o[0m
[1.653s] [ 33%] [32mBuilding CXX object CMakeFiles/cpp_node.dir/src/my_first_node.cpp.o[0m
[4.009s] [ 41%] [32m[1mLinking CXX executable cpp_node[0m
[4.510s] [ 41%] Built target cpp_node
[4.568s] [35m[1mScanning dependencies of target add_two_ints_server[0m
[4.688s] [ 50%] [32mBuilding CXX object CMakeFiles/add_two_ints_server.dir/src/add_two_ints_server.cpp.o[0m
[5.621s] [ 58%] [32m[1mLinking CXX executable number_publisher[0m
[5.758s] [ 66%] [32m[1mLinking CXX executable robot_news_station[0m
[5.804s] [ 66%] Built target number_publisher
[5.815s] [35m[1mScanning dependencies of target number_counter[0m
[5.849s] [ 75%] [32mBuilding CXX object CMakeFiles/number_counter.dir/src/number_counter.cpp.o[0m
[5.946s] [ 75%] Built target robot_news_station
[6.799s] [ 83%] [32m[1mLinking CXX executable add_two_ints_server[0m
[6.936s] [ 83%] Built target add_two_ints_server
[7.259s] [ 91%] [32m[1mLinking CXX executable smartphone[0m
[7.439s] [ 91%] Built target smartphone
[9.601s] [100%] [32m[1mLinking CXX executable number_counter[0m
[9.779s] [100%] Built target number_counter
[9.789s] Invoked command in '/home/stu/ros2-practice-ws/src/build/my_cpp_pkg' returned '0': CMAKE_PREFIX_PATH=${CMAKE_PREFIX_PATH}:/home/stu/ros2-practice-ws/install/my_py_pkg:/opt/ros/foxy /usr/bin/cmake --build /home/stu/ros2-practice-ws/src/build/my_cpp_pkg -- -j4 -l4
[9.830s] Invoking command in '/home/stu/ros2-practice-ws/src/build/my_cpp_pkg': CMAKE_PREFIX_PATH=${CMAKE_PREFIX_PATH}:/home/stu/ros2-practice-ws/install/my_py_pkg:/opt/ros/foxy /usr/bin/cmake --install /home/stu/ros2-practice-ws/src/build/my_cpp_pkg
[9.838s] -- Install configuration: ""
[9.839s] -- Installing: /home/stu/ros2-practice-ws/src/install/my_cpp_pkg/lib/my_cpp_pkg/cpp_node
[9.839s] -- Set runtime path of "/home/stu/ros2-practice-ws/src/install/my_cpp_pkg/lib/my_cpp_pkg/cpp_node" to ""
[9.839s] -- Installing: /home/stu/ros2-practice-ws/src/install/my_cpp_pkg/lib/my_cpp_pkg/robot_news_station
[9.840s] -- Set runtime path of "/home/stu/ros2-practice-ws/src/install/my_cpp_pkg/lib/my_cpp_pkg/robot_news_station" to ""
[9.840s] -- Installing: /home/stu/ros2-practice-ws/src/install/my_cpp_pkg/lib/my_cpp_pkg/smartphone
[9.842s] -- Set runtime path of "/home/stu/ros2-practice-ws/src/install/my_cpp_pkg/lib/my_cpp_pkg/smartphone" to ""
[9.842s] -- Installing: /home/stu/ros2-practice-ws/src/install/my_cpp_pkg/lib/my_cpp_pkg/number_publisher
[9.842s] -- Set runtime path of "/home/stu/ros2-practice-ws/src/install/my_cpp_pkg/lib/my_cpp_pkg/number_publisher" to ""
[9.843s] -- Installing: /home/stu/ros2-practice-ws/src/install/my_cpp_pkg/lib/my_cpp_pkg/number_counter
[9.844s] -- Set runtime path of "/home/stu/ros2-practice-ws/src/install/my_cpp_pkg/lib/my_cpp_pkg/number_counter" to ""
[9.844s] -- Installing: /home/stu/ros2-practice-ws/src/install/my_cpp_pkg/lib/my_cpp_pkg/add_two_ints_server
[9.845s] -- Set runtime path of "/home/stu/ros2-practice-ws/src/install/my_cpp_pkg/lib/my_cpp_pkg/add_two_ints_server" to ""
[9.845s] -- Installing: /home/stu/ros2-practice-ws/src/install/my_cpp_pkg/share/ament_index/resource_index/package_run_dependencies/my_cpp_pkg
[9.845s] -- Installing: /home/stu/ros2-practice-ws/src/install/my_cpp_pkg/share/ament_index/resource_index/parent_prefix_path/my_cpp_pkg
[9.845s] -- Installing: /home/stu/ros2-practice-ws/src/install/my_cpp_pkg/share/my_cpp_pkg/environment/ament_prefix_path.sh
[9.845s] -- Installing: /home/stu/ros2-practice-ws/src/install/my_cpp_pkg/share/my_cpp_pkg/environment/ament_prefix_path.dsv
[9.845s] -- Installing: /home/stu/ros2-practice-ws/src/install/my_cpp_pkg/share/my_cpp_pkg/environment/path.sh
[9.846s] -- Installing: /home/stu/ros2-practice-ws/src/install/my_cpp_pkg/share/my_cpp_pkg/environment/path.dsv
[9.846s] -- Installing: /home/stu/ros2-practice-ws/src/install/my_cpp_pkg/share/my_cpp_pkg/local_setup.bash
[9.846s] -- Installing: /home/stu/ros2-practice-ws/src/install/my_cpp_pkg/share/my_cpp_pkg/local_setup.sh
[9.846s] -- Installing: /home/stu/ros2-practice-ws/src/install/my_cpp_pkg/share/my_cpp_pkg/local_setup.zsh
[9.846s] -- Installing: /home/stu/ros2-practice-ws/src/install/my_cpp_pkg/share/my_cpp_pkg/local_setup.dsv
[9.847s] -- Installing: /home/stu/ros2-practice-ws/src/install/my_cpp_pkg/share/my_cpp_pkg/package.dsv
[9.847s] -- Installing: /home/stu/ros2-practice-ws/src/install/my_cpp_pkg/share/ament_index/resource_index/packages/my_cpp_pkg
[9.847s] -- Installing: /home/stu/ros2-practice-ws/src/install/my_cpp_pkg/share/my_cpp_pkg/cmake/my_cpp_pkgConfig.cmake
[9.847s] -- Installing: /home/stu/ros2-practice-ws/src/install/my_cpp_pkg/share/my_cpp_pkg/cmake/my_cpp_pkgConfig-version.cmake
[9.847s] -- Installing: /home/stu/ros2-practice-ws/src/install/my_cpp_pkg/share/my_cpp_pkg/package.xml
[9.850s] Invoked command in '/home/stu/ros2-practice-ws/src/build/my_cpp_pkg' returned '0': CMAKE_PREFIX_PATH=${CMAKE_PREFIX_PATH}:/home/stu/ros2-practice-ws/install/my_py_pkg:/opt/ros/foxy /usr/bin/cmake --install /home/stu/ros2-practice-ws/src/build/my_cpp_pkg
