[0.017s] Invoking command in '/home/stu/ros2-ws/build/my_cpp_pkg': CMAKE_PREFIX_PATH=/opt/ros/foxy /usr/bin/cmake /home/stu/ros2-ws/my_cpp_pkg -DCMAKE_INSTALL_PREFIX=/home/stu/ros2-ws/install/my_cpp_pkg
[0.071s] -- The C compiler identification is GNU 9.4.0
[0.143s] -- The CXX compiler identification is GNU 9.4.0
[0.146s] -- Check for working C compiler: /usr/bin/cc
[0.200s] -- Check for working C compiler: /usr/bin/cc -- works
[0.200s] -- Detecting C compiler ABI info
[0.248s] -- Detecting C compiler ABI info - done
[0.254s] -- Detecting C compile features
[0.255s] -- Detecting C compile features - done
[0.256s] -- Check for working CXX compiler: /usr/bin/c++
[0.309s] -- Check for working CXX compiler: /usr/bin/c++ -- works
[0.310s] -- Detecting CXX compiler ABI info
[0.367s] -- Detecting CXX compiler ABI info - done
[0.374s] -- Detecting CXX compile features
[0.374s] -- Detecting CXX compile features - done
[0.376s] -- Found ament_cmake: 0.9.9 (/opt/ros/foxy/share/ament_cmake/cmake)
[0.391s] -- Found PythonInterp: /usr/bin/python3 (found suitable version "3.8.10", minimum required is "3") 
[0.391s] -- Using PYTHON_EXECUTABLE: /usr/bin/python3
[0.539s] -- Found rclcpp: 2.4.1 (/opt/ros/foxy/share/rclcpp/cmake)
[0.602s] -- Using all available rosidl_typesupport_c: rosidl_typesupport_fastrtps_c;rosidl_typesupport_introspection_c
[0.611s] -- Found rosidl_adapter: 1.2.1 (/opt/ros/foxy/share/rosidl_adapter/cmake)
[0.682s] -- Found OpenSSL: /usr/lib/x86_64-linux-gnu/libcrypto.so (found version "1.1.1f")  
[0.710s] -- Found FastRTPS: /opt/ros/foxy/include  
[0.792s] -- Using all available rosidl_typesupport_cpp: rosidl_typesupport_fastrtps_cpp;rosidl_typesupport_introspection_cpp
[0.854s] -- Found rmw_implementation_cmake: 1.0.3 (/opt/ros/foxy/share/rmw_implementation_cmake/cmake)
[0.856s] -- Using RMW implementation 'rmw_fastrtps_cpp' as default
[0.857s] -- Looking for pthread.h
[0.915s] -- Looking for pthread.h - found
[0.915s] -- Performing Test CMAKE_HAVE_LIBC_PTHREAD
[0.965s] -- Performing Test CMAKE_HAVE_LIBC_PTHREAD - Failed
[0.966s] -- Looking for pthread_create in pthreads
[1.006s] -- Looking for pthread_create in pthreads - not found
[1.006s] -- Looking for pthread_create in pthread
[1.057s] -- Looking for pthread_create in pthread - found
[1.057s] -- Found Threads: TRUE  
[1.205s] -- Found ament_lint_auto: 0.9.6 (/opt/ros/foxy/share/ament_lint_auto/cmake)
[1.250s] -- Added test 'copyright' to check source files copyright and LICENSE
[1.251s] -- Added test 'lint_cmake' to check CMake code style
[1.251s] -- Added test 'xmllint' to check XML markup files
[1.253s] -- Configuring done
[1.254s] -- Generating done
[1.255s] -- Build files have been written to: /home/stu/ros2-ws/build/my_cpp_pkg
[1.260s] Invoked command in '/home/stu/ros2-ws/build/my_cpp_pkg' returned '0': CMAKE_PREFIX_PATH=/opt/ros/foxy /usr/bin/cmake /home/stu/ros2-ws/my_cpp_pkg -DCMAKE_INSTALL_PREFIX=/home/stu/ros2-ws/install/my_cpp_pkg
[1.262s] Invoking command in '/home/stu/ros2-ws/build/my_cpp_pkg': CMAKE_PREFIX_PATH=/opt/ros/foxy /usr/bin/cmake --build /home/stu/ros2-ws/build/my_cpp_pkg -- -j4 -l4
[1.289s] Invoked command in '/home/stu/ros2-ws/build/my_cpp_pkg' returned '0': CMAKE_PREFIX_PATH=/opt/ros/foxy /usr/bin/cmake --build /home/stu/ros2-ws/build/my_cpp_pkg -- -j4 -l4
[1.313s] Invoking command in '/home/stu/ros2-ws/build/my_cpp_pkg': CMAKE_PREFIX_PATH=/opt/ros/foxy /usr/bin/cmake --install /home/stu/ros2-ws/build/my_cpp_pkg
[1.319s] -- Install configuration: ""
[1.319s] -- Installing: /home/stu/ros2-ws/install/my_cpp_pkg/share/ament_index/resource_index/package_run_dependencies/my_cpp_pkg
[1.319s] -- Installing: /home/stu/ros2-ws/install/my_cpp_pkg/share/ament_index/resource_index/parent_prefix_path/my_cpp_pkg
[1.319s] -- Installing: /home/stu/ros2-ws/install/my_cpp_pkg/share/my_cpp_pkg/environment/ament_prefix_path.sh
[1.319s] -- Installing: /home/stu/ros2-ws/install/my_cpp_pkg/share/my_cpp_pkg/environment/ament_prefix_path.dsv
[1.319s] -- Installing: /home/stu/ros2-ws/install/my_cpp_pkg/share/my_cpp_pkg/environment/path.sh
[1.319s] -- Installing: /home/stu/ros2-ws/install/my_cpp_pkg/share/my_cpp_pkg/environment/path.dsv
[1.319s] -- Installing: /home/stu/ros2-ws/install/my_cpp_pkg/share/my_cpp_pkg/local_setup.bash
[1.319s] -- Installing: /home/stu/ros2-ws/install/my_cpp_pkg/share/my_cpp_pkg/local_setup.sh
[1.319s] -- Installing: /home/stu/ros2-ws/install/my_cpp_pkg/share/my_cpp_pkg/local_setup.zsh
[1.319s] -- Installing: /home/stu/ros2-ws/install/my_cpp_pkg/share/my_cpp_pkg/local_setup.dsv
[1.319s] -- Installing: /home/stu/ros2-ws/install/my_cpp_pkg/share/my_cpp_pkg/package.dsv
[1.319s] -- Installing: /home/stu/ros2-ws/install/my_cpp_pkg/share/ament_index/resource_index/packages/my_cpp_pkg
[1.320s] -- Installing: /home/stu/ros2-ws/install/my_cpp_pkg/share/my_cpp_pkg/cmake/my_cpp_pkgConfig.cmake
[1.320s] -- Installing: /home/stu/ros2-ws/install/my_cpp_pkg/share/my_cpp_pkg/cmake/my_cpp_pkgConfig-version.cmake
[1.320s] -- Installing: /home/stu/ros2-ws/install/my_cpp_pkg/share/my_cpp_pkg/package.xml
[1.322s] Invoked command in '/home/stu/ros2-ws/build/my_cpp_pkg' returned '0': CMAKE_PREFIX_PATH=/opt/ros/foxy /usr/bin/cmake --install /home/stu/ros2-ws/build/my_cpp_pkg
