[0.087s] DEBUG:colcon:Command line arguments: ['/usr/bin/colcon', 'build', '--packages-select', 'my_cpp_pkg']
[0.087s] DEBUG:colcon:Parsed command line arguments: Namespace(allow_overriding=[], ament_cmake_args=None, base_paths=['.'], build_base='build', catkin_cmake_args=None, catkin_skip_building_tests=False, cmake_args=None, cmake_clean_cache=False, cmake_clean_first=False, cmake_force_configure=False, cmake_target=None, cmake_target_skip_unavailable=False, continue_on_error=False, event_handlers=None, executor='parallel', ignore_user_meta=False, install_base='install', log_base=None, log_level=None, main=<bound method BuildVerb.main of <colcon_core.verb.build.BuildVerb object at 0x7f05c9699760>>, merge_install=False, metas=['./colcon.meta'], packages_above=None, packages_above_and_dependencies=None, packages_above_depth=None, packages_end=None, packages_ignore=None, packages_ignore_regex=None, packages_select=['my_cpp_pkg'], packages_select_build_failed=False, packages_select_by_dep=None, packages_select_regex=None, packages_select_test_failures=False, packages_skip=None, packages_skip_build_finished=False, packages_skip_by_dep=None, packages_skip_regex=None, packages_skip_test_passed=False, packages_skip_up_to=None, packages_start=None, packages_up_to=None, packages_up_to_regex=None, parallel_workers=4, paths=None, symlink_install=False, test_result_base=None, verb_extension=<colcon_core.verb.build.BuildVerb object at 0x7f05c9699760>, verb_name='build', verb_parser=<colcon_defaults.argument_parser.defaults.DefaultArgumentsDecorator object at 0x7f05c9699cd0>)
[0.102s] Level 1:colcon.colcon_core.package_discovery:discover_packages(colcon_meta) check parameters
[0.102s] Level 1:colcon.colcon_core.package_discovery:discover_packages(recursive) check parameters
[0.102s] Level 1:colcon.colcon_core.package_discovery:discover_packages(ignore) check parameters
[0.102s] Level 1:colcon.colcon_core.package_discovery:discover_packages(path) check parameters
[0.102s] Level 1:colcon.colcon_core.package_discovery:discover_packages(colcon_meta) discover
[0.102s] Level 1:colcon.colcon_core.package_discovery:discover_packages(recursive) discover
[0.102s] INFO:colcon.colcon_core.package_discovery:Crawling recursively for packages in '/home/stu/ros2-practice-ws/my_cpp_pkg'
[0.103s] Level 1:colcon.colcon_core.package_identification:_identify(.) by extensions ['ignore', 'ignore_ament_install']
[0.103s] Level 1:colcon.colcon_core.package_identification:_identify(.) by extension 'ignore'
[0.103s] Level 1:colcon.colcon_core.package_identification:_identify(.) by extension 'ignore_ament_install'
[0.103s] Level 1:colcon.colcon_core.package_identification:_identify(.) by extensions ['colcon_pkg']
[0.103s] Level 1:colcon.colcon_core.package_identification:_identify(.) by extension 'colcon_pkg'
[0.103s] Level 1:colcon.colcon_core.package_identification:_identify(.) by extensions ['colcon_meta']
[0.103s] Level 1:colcon.colcon_core.package_identification:_identify(.) by extension 'colcon_meta'
[0.103s] Level 1:colcon.colcon_core.package_identification:_identify(.) by extensions ['ros']
[0.103s] Level 1:colcon.colcon_core.package_identification:_identify(.) by extension 'ros'
[0.112s] DEBUG:colcon.colcon_core.package_identification:Package '.' with type 'ros.ament_cmake' and name 'my_cpp_pkg'
[0.113s] Level 1:colcon.colcon_core.package_discovery:discover_packages(recursive) using defaults
[0.113s] Level 1:colcon.colcon_core.package_discovery:discover_packages(ignore) discover
[0.113s] Level 1:colcon.colcon_core.package_discovery:discover_packages(ignore) using defaults
[0.113s] Level 1:colcon.colcon_core.package_discovery:discover_packages(path) discover
[0.113s] Level 1:colcon.colcon_core.package_discovery:discover_packages(path) using defaults
[0.125s] Level 1:colcon.colcon_core.package_discovery:discover_packages(prefix_path) check parameters
[0.125s] Level 1:colcon.colcon_core.package_discovery:discover_packages(prefix_path) discover
[0.126s] DEBUG:colcon.colcon_installed_package_information.package_discovery:Found 2 installed packages in /home/stu/ros2-practice-ws/install
[0.127s] DEBUG:colcon.colcon_installed_package_information.package_discovery:Found 256 installed packages in /opt/ros/foxy
[0.128s] Level 1:colcon.colcon_core.package_discovery:discover_packages(prefix_path) using defaults
[0.180s] Level 5:colcon.colcon_core.verb:set package 'my_cpp_pkg' build argument 'cmake_args' from command line to 'None'
[0.180s] Level 5:colcon.colcon_core.verb:set package 'my_cpp_pkg' build argument 'cmake_target' from command line to 'None'
[0.180s] Level 5:colcon.colcon_core.verb:set package 'my_cpp_pkg' build argument 'cmake_target_skip_unavailable' from command line to 'False'
[0.180s] Level 5:colcon.colcon_core.verb:set package 'my_cpp_pkg' build argument 'cmake_clean_cache' from command line to 'False'
[0.180s] Level 5:colcon.colcon_core.verb:set package 'my_cpp_pkg' build argument 'cmake_clean_first' from command line to 'False'
[0.180s] Level 5:colcon.colcon_core.verb:set package 'my_cpp_pkg' build argument 'cmake_force_configure' from command line to 'False'
[0.180s] Level 5:colcon.colcon_core.verb:set package 'my_cpp_pkg' build argument 'ament_cmake_args' from command line to 'None'
[0.180s] Level 5:colcon.colcon_core.verb:set package 'my_cpp_pkg' build argument 'catkin_cmake_args' from command line to 'None'
[0.180s] Level 5:colcon.colcon_core.verb:set package 'my_cpp_pkg' build argument 'catkin_skip_building_tests' from command line to 'False'
[0.180s] DEBUG:colcon.colcon_core.verb:Building package 'my_cpp_pkg' with the following arguments: {'ament_cmake_args': None, 'build_base': '/home/stu/ros2-practice-ws/my_cpp_pkg/build/my_cpp_pkg', 'catkin_cmake_args': None, 'catkin_skip_building_tests': False, 'cmake_args': None, 'cmake_clean_cache': False, 'cmake_clean_first': False, 'cmake_force_configure': False, 'cmake_target': None, 'cmake_target_skip_unavailable': False, 'install_base': '/home/stu/ros2-practice-ws/my_cpp_pkg/install/my_cpp_pkg', 'merge_install': False, 'path': '/home/stu/ros2-practice-ws/my_cpp_pkg', 'symlink_install': False, 'test_result_base': None}
[0.180s] INFO:colcon.colcon_core.executor:Executing jobs using 'parallel' executor
[0.182s] DEBUG:colcon.colcon_parallel_executor.executor.parallel:run_until_complete
[0.182s] INFO:colcon.colcon_ros.task.ament_cmake.build:Building ROS package in '/home/stu/ros2-practice-ws/my_cpp_pkg' with build type 'ament_cmake'
[0.182s] INFO:colcon.colcon_cmake.task.cmake.build:Building CMake package in '/home/stu/ros2-practice-ws/my_cpp_pkg'
[0.184s] INFO:colcon.colcon_core.plugin_system:Skipping extension 'colcon_core.shell.bat': Not used on non-Windows systems
[0.185s] INFO:colcon.colcon_core.shell:Skip shell extension 'powershell' for command environment: Not usable outside of PowerShell
[0.185s] DEBUG:colcon.colcon_core.shell:Skip shell extension 'dsv' for command environment
[0.192s] DEBUG:colcon.colcon_core.event_handler.log_command:Invoking command in '/home/stu/ros2-practice-ws/my_cpp_pkg/build/my_cpp_pkg': CMAKE_PREFIX_PATH=${CMAKE_PREFIX_PATH}:/home/stu/ros2-practice-ws/install/my_py_pkg:/opt/ros/foxy /usr/bin/cmake /home/stu/ros2-practice-ws/my_cpp_pkg -DCMAKE_INSTALL_PREFIX=/home/stu/ros2-practice-ws/my_cpp_pkg/install/my_cpp_pkg
[1.631s] DEBUG:colcon.colcon_core.event_handler.log_command:Invoked command in '/home/stu/ros2-practice-ws/my_cpp_pkg/build/my_cpp_pkg' returned '0': CMAKE_PREFIX_PATH=${CMAKE_PREFIX_PATH}:/home/stu/ros2-practice-ws/install/my_py_pkg:/opt/ros/foxy /usr/bin/cmake /home/stu/ros2-practice-ws/my_cpp_pkg -DCMAKE_INSTALL_PREFIX=/home/stu/ros2-practice-ws/my_cpp_pkg/install/my_cpp_pkg
[1.631s] DEBUG:colcon.colcon_core.event_handler.log_command:Invoking command in '/home/stu/ros2-practice-ws/my_cpp_pkg/build/my_cpp_pkg': CMAKE_PREFIX_PATH=${CMAKE_PREFIX_PATH}:/home/stu/ros2-practice-ws/install/my_py_pkg:/opt/ros/foxy /usr/bin/cmake --build /home/stu/ros2-practice-ws/my_cpp_pkg/build/my_cpp_pkg -- -j4 -l4
[5.785s] DEBUG:colcon.colcon_core.event_handler.log_command:Invoked command in '/home/stu/ros2-practice-ws/my_cpp_pkg/build/my_cpp_pkg' returned '0': CMAKE_PREFIX_PATH=${CMAKE_PREFIX_PATH}:/home/stu/ros2-practice-ws/install/my_py_pkg:/opt/ros/foxy /usr/bin/cmake --build /home/stu/ros2-practice-ws/my_cpp_pkg/build/my_cpp_pkg -- -j4 -l4
[5.815s] DEBUG:colcon.colcon_core.event_handler.log_command:Invoking command in '/home/stu/ros2-practice-ws/my_cpp_pkg/build/my_cpp_pkg': CMAKE_PREFIX_PATH=${CMAKE_PREFIX_PATH}:/home/stu/ros2-practice-ws/install/my_py_pkg:/opt/ros/foxy /usr/bin/cmake --install /home/stu/ros2-practice-ws/my_cpp_pkg/build/my_cpp_pkg
[5.824s] Level 1:colcon.colcon_core.environment:create_environment_scripts_only(my_cpp_pkg)
[5.825s] DEBUG:colcon.colcon_core.event_handler.log_command:Invoked command in '/home/stu/ros2-practice-ws/my_cpp_pkg/build/my_cpp_pkg' returned '0': CMAKE_PREFIX_PATH=${CMAKE_PREFIX_PATH}:/home/stu/ros2-practice-ws/install/my_py_pkg:/opt/ros/foxy /usr/bin/cmake --install /home/stu/ros2-practice-ws/my_cpp_pkg/build/my_cpp_pkg
[5.827s] Level 1:colcon.colcon_core.environment:checking '/home/stu/ros2-practice-ws/my_cpp_pkg/install/my_cpp_pkg' for CMake module files
[5.828s] Level 1:colcon.colcon_core.environment:checking '/home/stu/ros2-practice-ws/my_cpp_pkg/install/my_cpp_pkg' for CMake config files
[5.828s] Level 1:colcon.colcon_core.shell:create_environment_hook('my_cpp_pkg', 'cmake_prefix_path')
[5.828s] INFO:colcon.colcon_core.shell:Creating environment hook '/home/stu/ros2-practice-ws/my_cpp_pkg/install/my_cpp_pkg/share/my_cpp_pkg/hook/cmake_prefix_path.ps1'
[5.829s] INFO:colcon.colcon_core.shell:Creating environment descriptor '/home/stu/ros2-practice-ws/my_cpp_pkg/install/my_cpp_pkg/share/my_cpp_pkg/hook/cmake_prefix_path.dsv'
[5.829s] INFO:colcon.colcon_core.shell:Creating environment hook '/home/stu/ros2-practice-ws/my_cpp_pkg/install/my_cpp_pkg/share/my_cpp_pkg/hook/cmake_prefix_path.sh'
[5.830s] Level 1:colcon.colcon_core.environment:checking '/home/stu/ros2-practice-ws/my_cpp_pkg/install/my_cpp_pkg/lib'
[5.830s] Level 1:colcon.colcon_core.environment:checking '/home/stu/ros2-practice-ws/my_cpp_pkg/install/my_cpp_pkg/bin'
[5.830s] Level 1:colcon.colcon_core.environment:checking '/home/stu/ros2-practice-ws/my_cpp_pkg/install/my_cpp_pkg/lib/pkgconfig/my_cpp_pkg.pc'
[5.830s] Level 1:colcon.colcon_core.environment:checking '/home/stu/ros2-practice-ws/my_cpp_pkg/install/my_cpp_pkg/lib/python3.8/site-packages'
[5.830s] Level 1:colcon.colcon_core.environment:checking '/home/stu/ros2-practice-ws/my_cpp_pkg/install/my_cpp_pkg/bin'
[5.831s] INFO:colcon.colcon_core.shell:Creating package script '/home/stu/ros2-practice-ws/my_cpp_pkg/install/my_cpp_pkg/share/my_cpp_pkg/package.ps1'
[5.831s] INFO:colcon.colcon_core.shell:Creating package descriptor '/home/stu/ros2-practice-ws/my_cpp_pkg/install/my_cpp_pkg/share/my_cpp_pkg/package.dsv'
[5.831s] INFO:colcon.colcon_core.shell:Creating package script '/home/stu/ros2-practice-ws/my_cpp_pkg/install/my_cpp_pkg/share/my_cpp_pkg/package.sh'
[5.832s] INFO:colcon.colcon_core.shell:Creating package script '/home/stu/ros2-practice-ws/my_cpp_pkg/install/my_cpp_pkg/share/my_cpp_pkg/package.bash'
[5.832s] INFO:colcon.colcon_core.shell:Creating package script '/home/stu/ros2-practice-ws/my_cpp_pkg/install/my_cpp_pkg/share/my_cpp_pkg/package.zsh'
[5.833s] Level 1:colcon.colcon_core.environment:create_file_with_runtime_dependencies(/home/stu/ros2-practice-ws/my_cpp_pkg/install/my_cpp_pkg/share/colcon-core/packages/my_cpp_pkg)
[5.854s] Level 1:colcon.colcon_core.environment:create_environment_scripts_only(my_cpp_pkg)
[5.855s] Level 1:colcon.colcon_core.environment:checking '/home/stu/ros2-practice-ws/my_cpp_pkg/install/my_cpp_pkg' for CMake module files
[5.855s] Level 1:colcon.colcon_core.environment:checking '/home/stu/ros2-practice-ws/my_cpp_pkg/install/my_cpp_pkg' for CMake config files
[5.855s] Level 1:colcon.colcon_core.shell:create_environment_hook('my_cpp_pkg', 'cmake_prefix_path')
[5.856s] INFO:colcon.colcon_core.shell:Creating environment hook '/home/stu/ros2-practice-ws/my_cpp_pkg/install/my_cpp_pkg/share/my_cpp_pkg/hook/cmake_prefix_path.ps1'
[5.856s] INFO:colcon.colcon_core.shell:Creating environment descriptor '/home/stu/ros2-practice-ws/my_cpp_pkg/install/my_cpp_pkg/share/my_cpp_pkg/hook/cmake_prefix_path.dsv'
[5.856s] INFO:colcon.colcon_core.shell:Creating environment hook '/home/stu/ros2-practice-ws/my_cpp_pkg/install/my_cpp_pkg/share/my_cpp_pkg/hook/cmake_prefix_path.sh'
[5.857s] Level 1:colcon.colcon_core.environment:checking '/home/stu/ros2-practice-ws/my_cpp_pkg/install/my_cpp_pkg/lib'
[5.857s] Level 1:colcon.colcon_core.environment:checking '/home/stu/ros2-practice-ws/my_cpp_pkg/install/my_cpp_pkg/bin'
[5.857s] Level 1:colcon.colcon_core.environment:checking '/home/stu/ros2-practice-ws/my_cpp_pkg/install/my_cpp_pkg/lib/pkgconfig/my_cpp_pkg.pc'
[5.857s] Level 1:colcon.colcon_core.environment:checking '/home/stu/ros2-practice-ws/my_cpp_pkg/install/my_cpp_pkg/lib/python3.8/site-packages'
[5.857s] Level 1:colcon.colcon_core.environment:checking '/home/stu/ros2-practice-ws/my_cpp_pkg/install/my_cpp_pkg/bin'
[5.857s] INFO:colcon.colcon_core.shell:Creating package script '/home/stu/ros2-practice-ws/my_cpp_pkg/install/my_cpp_pkg/share/my_cpp_pkg/package.ps1'
[5.858s] INFO:colcon.colcon_core.shell:Creating package descriptor '/home/stu/ros2-practice-ws/my_cpp_pkg/install/my_cpp_pkg/share/my_cpp_pkg/package.dsv'
[5.858s] INFO:colcon.colcon_core.shell:Creating package script '/home/stu/ros2-practice-ws/my_cpp_pkg/install/my_cpp_pkg/share/my_cpp_pkg/package.sh'
[5.858s] INFO:colcon.colcon_core.shell:Creating package script '/home/stu/ros2-practice-ws/my_cpp_pkg/install/my_cpp_pkg/share/my_cpp_pkg/package.bash'
[5.859s] INFO:colcon.colcon_core.shell:Creating package script '/home/stu/ros2-practice-ws/my_cpp_pkg/install/my_cpp_pkg/share/my_cpp_pkg/package.zsh'
[5.859s] Level 1:colcon.colcon_core.environment:create_file_with_runtime_dependencies(/home/stu/ros2-practice-ws/my_cpp_pkg/install/my_cpp_pkg/share/colcon-core/packages/my_cpp_pkg)
[5.859s] DEBUG:colcon.colcon_parallel_executor.executor.parallel:closing loop
[5.860s] DEBUG:colcon.colcon_parallel_executor.executor.parallel:loop closed
[5.860s] DEBUG:colcon.colcon_parallel_executor.executor.parallel:run_until_complete finished with '0'
[5.860s] DEBUG:colcon.colcon_core.event_reactor:joining thread
[5.864s] INFO:colcon.colcon_core.plugin_system:Skipping extension 'colcon_notification.desktop_notification.terminal_notifier': Not used on non-Darwin systems
[5.864s] INFO:colcon.colcon_core.plugin_system:Skipping extension 'colcon_notification.desktop_notification.win32': Not used on non-Windows systems
[5.864s] INFO:colcon.colcon_notification.desktop_notification:Sending desktop notification using 'notify2'
[5.876s] DEBUG:colcon.colcon_core.event_reactor:joined thread
[5.877s] INFO:colcon.colcon_core.shell:Creating prefix script '/home/stu/ros2-practice-ws/my_cpp_pkg/install/local_setup.ps1'
[5.879s] INFO:colcon.colcon_core.shell:Creating prefix util module '/home/stu/ros2-practice-ws/my_cpp_pkg/install/_local_setup_util_ps1.py'
[5.881s] INFO:colcon.colcon_core.shell:Creating prefix chain script '/home/stu/ros2-practice-ws/my_cpp_pkg/install/setup.ps1'
[5.881s] INFO:colcon.colcon_core.shell:Creating prefix script '/home/stu/ros2-practice-ws/my_cpp_pkg/install/local_setup.sh'
[5.882s] INFO:colcon.colcon_core.shell:Creating prefix util module '/home/stu/ros2-practice-ws/my_cpp_pkg/install/_local_setup_util_sh.py'
[5.882s] INFO:colcon.colcon_core.shell:Creating prefix chain script '/home/stu/ros2-practice-ws/my_cpp_pkg/install/setup.sh'
[5.883s] INFO:colcon.colcon_core.shell:Creating prefix script '/home/stu/ros2-practice-ws/my_cpp_pkg/install/local_setup.bash'
[5.883s] INFO:colcon.colcon_core.shell:Creating prefix chain script '/home/stu/ros2-practice-ws/my_cpp_pkg/install/setup.bash'
[5.884s] INFO:colcon.colcon_core.shell:Creating prefix script '/home/stu/ros2-practice-ws/my_cpp_pkg/install/local_setup.zsh'
[5.884s] INFO:colcon.colcon_core.shell:Creating prefix chain script '/home/stu/ros2-practice-ws/my_cpp_pkg/install/setup.zsh'
